C:\USERS\MATZE\DROPBOX\STUDIUM\6.SEMESTER\COMPUTERGRAFIK\RAYTRACE\RELEASE\RAYTRACE.PCH
C:\USERS\MATZE\DROPBOX\STUDIUM\6.SEMESTER\COMPUTERGRAFIK\RAYTRACE\RELEASE\STDAFX.OBJ
C:\USERS\MATZE\DROPBOX\STUDIUM\6.SEMESTER\COMPUTERGRAFIK\RAYTRACE\RELEASE\VC110.PDB
C:\USERS\MATZE\DROPBOX\STUDIUM\6.SEMESTER\COMPUTERGRAFIK\RAYTRACE\RELEASE\VECTOR.OBJ
C:\USERS\MATZE\DROPBOX\STUDIUM\6.SEMESTER\COMPUTERGRAFIK\RAYTRACE\RELEASE\SURFACE.OBJ
C:\USERS\MATZE\DROPBOX\STUDIUM\6.SEMESTER\COMPUTERGRAFIK\RAYTRACE\RELEASE\RAYTRACE.OBJ
C:\USERS\MATZE\DROPBOX\STUDIUM\6.SEMESTER\COMPUTERGRAFIK\RAYTRACE\RELEASE\RAY.OBJ
C:\USERS\MATZE\DROPBOX\STUDIUM\6.SEMESTER\COMPUTERGRAFIK\RAYTRACE\RELEASE\PROPERTY.OBJ
C:\USERS\MATZE\DROPBOX\STUDIUM\6.SEMESTER\COMPUTERGRAFIK\RAYTRACE\RELEASE\OBJEKT.OBJ
C:\USERS\MATZE\DROPBOX\STUDIUM\6.SEMESTER\COMPUTERGRAFIK\RAYTRACE\RELEASE\LIGHT.OBJ
C:\USERS\MATZE\DROPBOX\STUDIUM\6.SEMESTER\COMPUTERGRAFIK\RAYTRACE\RELEASE\IMAGE.OBJ
C:\USERS\MATZE\DROPBOX\STUDIUM\6.SEMESTER\COMPUTERGRAFIK\RAYTRACE\RELEASE\COLOR.OBJ
C:\USERS\MATZE\DROPBOX\STUDIUM\6.SEMESTER\COMPUTERGRAFIK\RAYTRACE\RELEASE\RAYYACC.TAB.OBJ
C:\USERS\MATZE\DROPBOX\STUDIUM\6.SEMESTER\COMPUTERGRAFIK\RAYTRACE\RELEASE\RAYTRACE.EXE
C:\USERS\MATZE\DROPBOX\STUDIUM\6.SEMESTER\COMPUTERGRAFIK\RAYTRACE\RELEASE\RAYTRACE.PDB
C:\Users\matze\Dropbox\Studium\6.Semester\Computergrafik\raytrace\Release\Color.obj
C:\Users\matze\Dropbox\Studium\6.Semester\Computergrafik\raytrace\Release\Image.obj
C:\Users\matze\Dropbox\Studium\6.Semester\Computergrafik\raytrace\Release\Light.obj
C:\Users\matze\Dropbox\Studium\6.Semester\Computergrafik\raytrace\Release\Objekt.obj
C:\Users\matze\Dropbox\Studium\6.Semester\Computergrafik\raytrace\Release\Property.obj
C:\Users\matze\Dropbox\Studium\6.Semester\Computergrafik\raytrace\Release\Ray.obj
C:\Users\matze\Dropbox\Studium\6.Semester\Computergrafik\raytrace\Release\raytrace.obj
C:\Users\matze\Dropbox\Studium\6.Semester\Computergrafik\raytrace\Release\rayyacc.tab.obj
C:\Users\matze\Dropbox\Studium\6.Semester\Computergrafik\raytrace\Release\stdafx.obj
C:\Users\matze\Dropbox\Studium\6.Semester\Computergrafik\raytrace\Release\Surface.obj
C:\Users\matze\Dropbox\Studium\6.Semester\Computergrafik\raytrace\Release\Vector.obj
C:\Users\matze\Dropbox\Studium\6.Semester\Computergrafik\raytrace\Release\cl.command.1.tlog
C:\Users\matze\Dropbox\Studium\6.Semester\Computergrafik\raytrace\Release\CL.read.1.tlog
C:\Users\matze\Dropbox\Studium\6.Semester\Computergrafik\raytrace\Release\CL.write.1.tlog
C:\Users\matze\Dropbox\Studium\6.Semester\Computergrafik\raytrace\Release\link-cvtres.read.1.tlog
C:\Users\matze\Dropbox\Studium\6.Semester\Computergrafik\raytrace\Release\link-cvtres.write.1.tlog
C:\Users\matze\Dropbox\Studium\6.Semester\Computergrafik\raytrace\Release\link-rc.read.1.tlog
C:\Users\matze\Dropbox\Studium\6.Semester\Computergrafik\raytrace\Release\link-rc.write.1.tlog
C:\Users\matze\Dropbox\Studium\6.Semester\Computergrafik\raytrace\Release\link.command.1.tlog
C:\Users\matze\Dropbox\Studium\6.Semester\Computergrafik\raytrace\Release\link.read.1.tlog
C:\Users\matze\Dropbox\Studium\6.Semester\Computergrafik\raytrace\Release\link.write.1.tlog
C:\Users\matze\Dropbox\Studium\6.Semester\Computergrafik\raytrace\Release\raytrace.pch
C:\Users\matze\Dropbox\Studium\6.Semester\Computergrafik\raytrace\Release\raytrace.pdb
C:\Users\matze\Dropbox\Studium\6.Semester\Computergrafik\raytrace\Release\vc110.pdb
C:\Users\matze\Dropbox\Studium\6.Semester\Computergrafik\raytrace\Release\raytrace.exe
