Der Buildvorgang wurde am 14.06.2013 11:13:17 gestartet.
     1>Projekt "C:\Users\matze\Dropbox\Studium\6.Semester\Computergrafik\raytrace\raytrace.vcxproj" auf Knoten "2", Rebuild Ziel(e).
     1>PreBuildEvent:
         cd bin && flex -o..\lex.yy.c ..\raylex.l && bison -l -o ..\rayyacc.tab.c ..\rayyacc.y
         :VCEnd
         ..\rayyacc.y: Warnung: 15 Nicht-Terminale, die in Grammatik nutzlos sind
         ..\rayyacc.y: Warnung: 22 Regeln, die in Grammatik nutzlos sind
         ..\\rayyacc.y:81.1-23: Warnung: Nicht-Terminal nutzlos in Grammatik: some_viewing_parameters
         ..\\rayyacc.y:83.7-85.7: Warnung: Nicht-Terminal nutzlos in Grammatik: $@1
         ..\\rayyacc.y:86.5-22: Warnung: Nicht-Terminal nutzlos in Grammatik: viewing_parameters
         ..\\rayyacc.y:109.1-18: Warnung: Nicht-Terminal nutzlos in Grammatik: picture_parameters
         ..\\rayyacc.y:110.26-42: Warnung: Nicht-Terminal nutzlos in Grammatik: picture_parameter
         ..\\rayyacc.y:105.26-42: Warnung: Nicht-Terminal nutzlos in Grammatik: viewing_parameter
         ..\\rayyacc.y:115.7-16: Warnung: Nicht-Terminal nutzlos in Grammatik: resolution
         ..\\rayyacc.y:116.7-16: Warnung: Nicht-Terminal nutzlos in Grammatik: background
         ..\\rayyacc.y:120.7-14: Warnung: Nicht-Terminal nutzlos in Grammatik: eyepoint
         ..\\rayyacc.y:121.7-12: Warnung: Nicht-Terminal nutzlos in Grammatik: lookat
         ..\\rayyacc.y:124.7-8: Warnung: Nicht-Terminal nutzlos in Grammatik: up
         ..\\rayyacc.y:122.7-10: Warnung: Nicht-Terminal nutzlos in Grammatik: fovy
         ..\\rayyacc.y:123.7-12: Warnung: Nicht-Terminal nutzlos in Grammatik: aspect
         ..\\rayyacc.y:163.1-15: Warnung: Nicht-Terminal nutzlos in Grammatik: global_lighting
         ..\\rayyacc.y:63.35-42: Warnung: Nicht-Terminal nutzlos in Grammatik: angleVal
         ..\\rayyacc.y:83.7-85.7: Warnung: Regeln nutzlos in Grammatik: $@1: /* leer */
         ..\\rayyacc.y:83.7-98.7: Warnung: Regeln nutzlos in Grammatik: some_viewing_parameters: $@1 viewing_parameters
         ..\\rayyacc.y:105.7-42: Warnung: Regeln nutzlos in Grammatik: viewing_parameters: viewing_parameters viewing_parameter
         ..\\rayyacc.y:106.6: Warnung: Regeln nutzlos in Grammatik: viewing_parameters: /* leer */
         ..\\rayyacc.y:110.7-42: Warnung: Regeln nutzlos in Grammatik: picture_parameters: picture_parameters picture_parameter
         ..\\rayyacc.y:111.7-23: Warnung: Regeln nutzlos in Grammatik: picture_parameters: picture_parameter
         ..\\rayyacc.y:115.7-16: Warnung: Regeln nutzlos in Grammatik: picture_parameter: resolution
         ..\\rayyacc.y:116.7-16: Warnung: Regeln nutzlos in Grammatik: picture_parameter: background
         ..\\rayyacc.y:120.7-14: Warnung: Regeln nutzlos in Grammatik: viewing_parameter: eyepoint
         ..\\rayyacc.y:121.7-12: Warnung: Regeln nutzlos in Grammatik: viewing_parameter: lookat
         ..\\rayyacc.y:122.7-10: Warnung: Regeln nutzlos in Grammatik: viewing_parameter: fovy
         ..\\rayyacc.y:123.7-12: Warnung: Regeln nutzlos in Grammatik: viewing_parameter: aspect
         ..\\rayyacc.y:124.7-8: Warnung: Regeln nutzlos in Grammatik: viewing_parameter: up
         ..\\rayyacc.y:128.7-129.48: Warnung: Regeln nutzlos in Grammatik: resolution: RESOLUTION index index
         ..\\rayyacc.y:133.7-134.54: Warnung: Regeln nutzlos in Grammatik: background: BACKGROUND colorVal colorVal colorVal
         ..\\rayyacc.y:139.7-140.53: Warnung: Regeln nutzlos in Grammatik: eyepoint: EYEPOINT realVal realVal realVal
         ..\\rayyacc.y:144.7-145.51: Warnung: Regeln nutzlos in Grammatik: lookat: LOOKAT realVal realVal realVal
         ..\\rayyacc.y:149.7-150.46: Warnung: Regeln nutzlos in Grammatik: up: UP realVal realVal realVal
         ..\\rayyacc.y:154.7-155.34: Warnung: Regeln nutzlos in Grammatik: fovy: FOVY realVal
         ..\\rayyacc.y:159.7-160.37: Warnung: Regeln nutzlos in Grammatik: aspect: ASPECT realVal
         ..\\rayyacc.y:164.7-165.52: Warnung: Regeln nutzlos in Grammatik: global_lighting: AMBIENCE colorVal colorVal colorVal
         ..\\rayyacc.y:373.12-381.5: Warnung: Regeln nutzlos in Grammatik: angleVal: realVal
       ClCompile:
         C:\Program Files\Microsoft Visual Studio 11.0\VC\bin\CL.exe /c /Zi /nologo /W3 /WX- /Ox /Ob2 /Oi /Ot /Oy- /GL /D _CRT_SECURE_NO_WARNINGS /D WIN32 /D NDEBUG /D _CONSOLE /D _MBCS /Gm- /EHsc /MD /GS /Gy /arch:SSE2 /fp:precise /Zc:wchar_t /Zc:forScope /Yc"stdafx.h" /Fp"Release\raytrace.pch" /Fo"Release\\" /Fd"Release\vc110.pdb" /Gd /TP /analyze- /errorReport:prompt stdafx.cpp
         stdafx.cpp
         C:\Program Files\Microsoft Visual Studio 11.0\VC\bin\CL.exe /c /Zi /nologo /W3 /WX- /Ox /Ob2 /Oi /Ot /Oy- /GL /D _CRT_SECURE_NO_WARNINGS /D WIN32 /D NDEBUG /D _CONSOLE /D _MBCS /Gm- /EHsc /MD /GS /Gy /arch:SSE2 /fp:precise /Zc:wchar_t /Zc:forScope /Yu"stdafx.h" /Fp"Release\raytrace.pch" /Fo"Release\\" /Fd"Release\vc110.pdb" /Gd /TP /analyze- /errorReport:prompt Color.cpp Image.cpp Light.cpp Objekt.cpp Property.cpp Ray.cpp raytrace.cpp Surface.cpp Vector.cpp
         Color.cpp
         Image.cpp
         Light.cpp
         Objekt.cpp
         Property.cpp
         Ray.cpp
         raytrace.cpp
         Surface.cpp
         Vector.cpp
         C:\Program Files\Microsoft Visual Studio 11.0\VC\bin\CL.exe /c /Zi /nologo /W3 /WX- /Ox /Ob2 /Oi /Ot /Oy- /GL /D _CRT_SECURE_NO_WARNINGS /D WIN32 /D NDEBUG /D _CONSOLE /D _MBCS /Gm- /EHsc /MD /GS /Gy /arch:SSE2 /fp:precise /Zc:wchar_t /Zc:forScope /Fo"Release\\" /Fd"Release\vc110.pdb" /Gd /TC /analyze- /errorReport:prompt rayyacc.tab.c
         rayyacc.tab.c
       Link:
         C:\Program Files\Microsoft Visual Studio 11.0\VC\bin\link.exe /ERRORREPORT:PROMPT /OUT:"C:\Users\matze\Dropbox\Studium\6.Semester\Computergrafik\raytrace\Release\raytrace.exe" /INCREMENTAL:NO /NOLOGO kernel32.lib user32.lib gdi32.lib winspool.lib comdlg32.lib advapi32.lib shell32.lib ole32.lib oleaut32.lib uuid.lib odbc32.lib odbccp32.lib /MANIFEST /MANIFESTUAC:"level='asInvoker' uiAccess='false'" /manifest:embed /DEBUG /PDB:"C:\Users\matze\Dropbox\Studium\6.Semester\Computergrafik\raytrace\Release\raytrace.pdb" /SUBSYSTEM:CONSOLE /OPT:REF /OPT:ICF /LTCG /TLBID:1 /DYNAMICBASE /NXCOMPAT /IMPLIB:"C:\Users\matze\Dropbox\Studium\6.Semester\Computergrafik\raytrace\Release\raytrace.lib" /MACHINE:X86 /PROFILE /SAFESEH Release\Color.obj
         Release\Image.obj
         Release\Light.obj
         Release\Objekt.obj
         Release\Property.obj
         Release\Ray.obj
         Release\raytrace.obj
         Release\rayyacc.tab.obj
         Release\stdafx.obj
         Release\Surface.obj
         Release\Vector.obj
         Code wird generiert.
         Codegenerierung ist abgeschlossen.
         raytrace.vcxproj -> C:\Users\matze\Dropbox\Studium\6.Semester\Computergrafik\raytrace\Release\raytrace.exe
     1>Die Erstellung des Projekts "C:\Users\matze\Dropbox\Studium\6.Semester\Computergrafik\raytrace\raytrace.vcxproj" ist abgeschlossen, Rebuild Ziel(e).

Build erfolgreich.

Verstrichene Zeit 00:00:22.85
